<?xml version="1.0" encoding="UTF-8"?>
<!-- Generated by org.testng.reporters.JUnitXMLReporter -->
<testsuite ignored="1" hostname="LAPTOP-9D44J6O8" failures="1" tests="14" name="Test" time="73.259" errors="0" timestamp="2024-03-04T17:28:50 EST">
  <testcase classname="Class_Assignment_Assertions_Register" name="registerWithNoInputs" time="0.576"/>
  <testcase classname="Class_Assignment_Assertions_Register" name="registerWithMandatoryDetails" time="0.83"/>
  <testcase classname="Class_Assignment_Assertions_Register" name="registerWithAllDetails" time="0.893"/>
  <testcase classname="Class_Assignment_Assertions_Register" name="registerWithExistingEmail" time="0.872"/>
  <testcase classname="Class_Assignment_Assertions_Register" name="registerWithWrongConfirmPassword" time="0.861"/>
  <testcase classname="Failures_in_TestNG_Using_Assert" name="loginWithValidCredentials" time="1.795"/>
  <testcase classname="Failures_in_TestNG_Using_Assert" name="loginWithValidEmailInvalidPassword" time="0.66"/>
  <testcase classname="Failures_in_TestNG_Using_Assert" name="loginWithInvalidEmailValidPassword" time="0.649">
    <failure type="java.lang.AssertionError" message="Deliberate Failure">
      <![CDATA[java.lang.AssertionError: Deliberate Failure
at Failures_in_TestNG_Using_Assert.loginWithInvalidEmailValidPassword(Failures_in_TestNG_Using_Assert.java:54)
at java.base/java.util.ArrayList.forEach(ArrayList.java:1511)
... Removed 28 stack frames]]>
    </failure>
  </testcase> <!-- loginWithInvalidEmailValidPassword -->
  <testcase classname="Failures_in_TestNG_Using_Assert" name="loginWithNoCredentials" time="0.584"/>
  <testcase classname="Class_Assignment_Assertions_Login" name="enterValidCredentials" time="1.124"/>
  <testcase classname="Class_Assignment_Assertions_Login" name="enterValidEmailInvalidPassword" time="0.638"/>
  <testcase classname="Class_Assignment_Assertions_Login" name="enterInvalidEmailValidPassword" time="0.845"/>
  <testcase classname="Class_Assignment_Assertions_Login" name="enterInvalidCredentials" time="0.645"/>
  <testcase classname="Class_Assignment_Assertions_Login" name="enterNoCredentials" time="0.824"/>
  <testcase classname="Failures_in_TestNG_Using_Assert" name="loginWithInvalidCredentials" time="0.0">
    <ignored/>
  </testcase> <!-- loginWithInvalidCredentials -->
</testsuite> <!-- Test -->
